# JRE version: Java(TM) SE Runtime Environment (8.0_45-b15) (build 1.8.0_45-b15)
# Java VM: Java HotSpot(TM) Client VM (25.45-b02 mixed mode, sharing windows-x86 )
Heap:
 def new generation   total 4928K, used 2178K [0x04400000, 0x04950000, 0x09950000)
  eden space 4416K,  45% used [0x04400000, 0x045f5a28, 0x04850000)
  from space 512K,  33% used [0x048d0000, 0x048fae28, 0x04950000)
  to   space 512K,   0% used [0x04850000, 0x04850000, 0x048d0000)
 tenured generation   total 10944K, used 2435K [0x09950000, 0x0a400000, 0x14400000)
   the space 10944K,  22% used [0x09950000, 0x09bb0d10, 0x09bb0e00, 0x0a400000)
 Metaspace       used 1700K, capacity 2678K, committed 2752K, reserved 4480K
GC Heap History (6 events):
Event: 0.968 GC heap before
{Heap before GC invocations=0 (full 0):
 def new generation   total 4928K, used 4416K [0x04400000, 0x04950000, 0x09950000)
  eden space 4416K, 100% used [0x04400000, 0x04850000, 0x04850000)
  from space 512K,   0% used [0x04850000, 0x04850000, 0x048d0000)
  to   space 512K,   0% used [0x048d0000, 0x048d0000, 0x04950000)
 tenured generation   total 10944K, used 0K [0x09950000, 0x0a400000, 0x14400000)
   the space 10944K,   0% used [0x09950000, 0x09950000, 0x09950200, 0x0a400000)
 Metaspace       used 747K, capacity 2507K, committed 2624K, reserved 4480K
Event: 0.977 GC heap after
Heap after GC invocations=1 (full 0):
 def new generation   total 4928K, used 512K [0x04400000, 0x04950000, 0x09950000)
  eden space 4416K,   0% used [0x04400000, 0x04400000, 0x04850000)
  from space 512K, 100% used [0x048d0000, 0x04950000, 0x04950000)
  to   space 512K,   0% used [0x04850000, 0x04850000, 0x048d0000)
 tenured generation   total 10944K, used 1163K [0x09950000, 0x0a400000, 0x14400000)
   the space 10944K,  10% used [0x09950000, 0x09a72cc8, 0x09a72e00, 0x0a400000)
 Metaspace       used 747K, capacity 2507K, committed 2624K, reserved 4480K
}
Event: 4.029 GC heap before
{Heap before GC invocations=1 (full 0):
 def new generation   total 4928K, used 4928K [0x04400000, 0x04950000, 0x09950000)
  eden space 4416K, 100% used [0x04400000, 0x04850000, 0x04850000)
  from space 512K, 100% used [0x048d0000, 0x04950000, 0x04950000)
  to   space 512K,   0% used [0x04850000, 0x04850000, 0x048d0000)
 tenured generation   total 10944K, used 1163K [0x09950000, 0x0a400000, 0x14400000)
   the space 10944K,  10% used [0x09950000, 0x09a72cc8, 0x09a72e00, 0x0a400000)
 Metaspace       used 1563K, capacity 2643K, committed 2752K, reserved 4480K
Event: 4.036 GC heap after
Heap after GC invocations=2 (full 0):
 def new generation   total 4928K, used 512K [0x04400000, 0x04950000, 0x09950000)
  eden space 4416K,   0% used [0x04400000, 0x04400000, 0x04850000)
  from space 512K, 100% used [0x04850000, 0x048d0000, 0x048d0000)
  to   space 512K,   0% used [0x048d0000, 0x048d0000, 0x04950000)
 tenured generation   total 10944K, used 1948K [0x09950000, 0x0a400000, 0x14400000)
   the space 10944K,  17% used [0x09950000, 0x09b372f8, 0x09b37400, 0x0a400000)
 Metaspace       used 1563K, capacity 2643K, committed 2752K, reserved 4480K
}
Event: 63.230 GC heap before
{Heap before GC invocations=2 (full 0):
 def new generation   total 4928K, used 4928K [0x04400000, 0x04950000, 0x09950000)
  eden space 4416K, 100% used [0x04400000, 0x04850000, 0x04850000)
  from space 512K, 100% used [0x04850000, 0x048d0000, 0x048d0000)
  to   space 512K,   0% used [0x048d0000, 0x048d0000, 0x04950000)
 tenured generation   total 10944K, used 1948K [0x09950000, 0x0a400000, 0x14400000)
   the space 10944K,  17% used [0x09950000, 0x09b372f8, 0x09b37400, 0x0a400000)
 Metaspace       used 1696K, capacity 2678K, committed 2752K, reserved 4480K
Event: 63.237 GC heap after
Heap after GC invocations=3 (full 0):
 def new generation   total 4928K, used 171K [0x04400000, 0x04950000, 0x09950000)
  eden space 4416K,   0% used [0x04400000, 0x04400000, 0x04850000)
  from space 512K,  33% used [0x048d0000, 0x048fae28, 0x04950000)
  to   space 512K,   0% used [0x04850000, 0x04850000, 0x048d0000)
 tenured generation   total 10944K, used 2435K [0x09950000, 0x0a400000, 0x14400000)
   the space 10944K,  22% used [0x09950000, 0x09bb0d10, 0x09bb0e00, 0x0a400000)
 Metaspace       used 1696K, capacity 2678K, committed 2752K, reserved 4480K
}

